C51 COMPILER V9.60.0.0   DS1302                                                            04/04/2025 14:11:35 PAGE 1   


C51 COMPILER V9.60.0.0, COMPILATION OF MODULE DS1302
OBJECT MODULE PLACED IN .\Objects\ds1302.obj
COMPILER INVOKED BY: D:\Keil5-1\C51\BIN\C51.EXE ds1302.c LARGE OPTIMIZE(8,SPEED) BROWSE DEBUG OBJECTEXTEND PRINT(.\Listi
                    -ngs\ds1302.lst) TABS(2) OBJECT(.\Objects\ds1302.obj)

line level    source

   1          /*  #   DS1302д»Јз ҒзүҮж®өиҜҙжҳҺ
   2            1.  жң¬ж–Үд»¶еӨ№дёӯжҸҗдҫӣзҡ„й©ұеҠЁд»Јз ҒдҫӣеҸӮиөӣйҖүжүӢе®ҢжҲҗзЁӢеәҸи®ҫи®ЎеҸӮиҖғгҖӮ
   3            2.  еҸӮиөӣйҖүжүӢеҸҜд»ҘиҮӘиЎҢзј–еҶҷзӣёе…ід»Јз ҒжҲ–д»ҘиҜҘд»Јз ҒдёәеҹәзЎҖпјҢж №жҚ®жүҖйҖүеҚ•зүҮжңәзұ»еһӢгҖҒиҝ
             -җиЎҢйҖҹеәҰе’ҢиҜ•йўҳ
   4              дёӯеҜ№еҚ•зүҮжңәж—¶й’ҹйў‘зҺҮзҡ„иҰҒжұӮпјҢиҝӣиЎҢд»Јз Ғи°ғиҜ•е’Ңдҝ®ж”№гҖӮ
   5          */                
   6          
   7          //
   8          
   9          #include <reg52.h>
  10          #include <intrins.h>
  11          sbit SCK = P1^7;
  12          sbit SDA = P2^3;
  13          sbit RST = P1^3;
  14          unsigned int time_ds[3] = {5,3,13};
  15          void Write_Ds1302(unsigned  char temp) 
  16          {
  17   1        unsigned char i;
  18   1        for (i=0;i<8;i++)       
  19   1        { 
  20   2          SCK = 0;
  21   2          SDA = temp&0x01;
  22   2          temp>>=1; 
  23   2          SCK=1;
  24   2        }
  25   1      }   
  26          
  27          //
  28          void Write_Ds1302_Byte( unsigned char address,unsigned char dat )     
  29          {
  30   1        RST=0;  _nop_();
  31   1        SCK=0;  _nop_();
  32   1        RST=1;  _nop_();  
  33   1        Write_Ds1302(address);  
  34   1        Write_Ds1302(dat);    
  35   1        RST=0; 
  36   1      }
  37          
  38          //
  39          unsigned char Read_Ds1302_Byte ( unsigned char address )
  40          {
  41   1        unsigned char i,temp=0x00;
  42   1        RST=0;  _nop_();
  43   1        SCK=0;  _nop_();
  44   1        RST=1;  _nop_();
  45   1        Write_Ds1302(address);
  46   1        for (i=0;i<8;i++)   
  47   1        {   
  48   2          SCK=0;
  49   2          temp>>=1; 
  50   2          if(SDA)
  51   2          temp|=0x80; 
  52   2          SCK=1;
  53   2        } 
C51 COMPILER V9.60.0.0   DS1302                                                            04/04/2025 14:11:35 PAGE 2   

  54   1        RST=0;  _nop_();
  55   1        SCK=0;  _nop_();
  56   1        SCK=1;  _nop_();
  57   1        SDA=0;  _nop_();
  58   1        SDA=1;  _nop_();
  59   1        return (temp);      
  60   1      }
  61          
  62          void time_init()
  63          {
  64   1        unsigned char i,add;
  65   1        add = 0x80;
  66   1        Write_Ds1302_Byte(0x8e,0x00);
  67   1        for(i=0;i<3;i++)
  68   1        {
  69   2          Write_Ds1302_Byte(add,((time_ds[i]/10)<<4)|time_ds[i]%10);
  70   2          add+=2;
  71   2        }
  72   1        Write_Ds1302_Byte(0x8e,0x80);
  73   1      }
  74          
  75          void time_get()
  76          {
  77   1        unsigned char i,add,dat;
  78   1        add = 0x81;
  79   1        for(i=0;i<3;i++)
  80   1        {
  81   2          dat = Read_Ds1302_Byte(add);
  82   2          time_ds[i] = dat/16*10+dat%16;
  83   2          add+=2;
  84   2        }
  85   1      }


MODULE INFORMATION:   STATIC OVERLAYABLE
   CODE SIZE        =    276    ----
   CONSTANT SIZE    =   ----    ----
   XDATA SIZE       =      6       1
   PDATA SIZE       =   ----    ----
   DATA SIZE        =   ----    ----
   IDATA SIZE       =   ----    ----
   BIT SIZE         =   ----    ----
END OF MODULE INFORMATION.


C51 COMPILATION COMPLETE.  0 WARNING(S),  0 ERROR(S)
