C51 COMPILER V9.60.0.0   ONEWIRE                                                           04/04/2025 14:43:46 PAGE 1   


C51 COMPILER V9.60.0.0, COMPILATION OF MODULE ONEWIRE
OBJECT MODULE PLACED IN .\Objects\onewire.obj
COMPILER INVOKED BY: D:\Keil5-1\C51\BIN\C51.EXE onewire.c LARGE OPTIMIZE(8,SPEED) BROWSE DEBUG OBJECTEXTEND PRINT(.\List
                    -ings\onewire.lst) TABS(2) OBJECT(.\Objects\onewire.obj)

line level    source

   1          /*  #   еҚ•жҖ»зәҝд»Јз ҒзүҮж®өиҜҙжҳҺ
   2            1.  жң¬ж–Үд»¶еӨ№дёӯжҸҗдҫӣзҡ„й©ұеҠЁд»Јз ҒдҫӣеҸӮиөӣйҖүжүӢе®ҢжҲҗзЁӢеәҸи®ҫи®ЎеҸӮиҖғгҖӮ
   3            2.  еҸӮиөӣйҖүжүӢеҸҜд»ҘиҮӘиЎҢзј–еҶҷзӣёе…ід»Јз ҒжҲ–д»ҘиҜҘд»Јз ҒдёәеҹәзЎҖпјҢж №жҚ®жүҖйҖүеҚ•зүҮжңәзұ»еһӢгҖҒиҝ
             -җиЎҢйҖҹеәҰе’ҢиҜ•йўҳ
   4              дёӯеҜ№еҚ•зүҮжңәж—¶й’ҹйў‘зҺҮзҡ„иҰҒжұӮпјҢиҝӣиЎҢд»Јз Ғи°ғиҜ•е’Ңдҝ®ж”№гҖӮ
   5          */
   6          
   7          //
   8          
   9          #include <reg52.h>
  10          
  11          sbit DQ = P1^4;
  12          
  13          void Delay_OneWire(unsigned int t)  
  14          {
  15   1        unsigned char i;
  16   1        while(t--){
  17   2          for(i=0;i<12;i++);
  18   2        }
  19   1      }
  20          
  21          //
  22          void Write_DS18B20(unsigned char dat)
  23          {
  24   1        unsigned char i;
  25   1        EA = 0;
  26   1        for(i=0;i<8;i++)
  27   1        {
  28   2          DQ = 0;
  29   2          DQ = dat&0x01;
  30   2          Delay_OneWire(5);
  31   2          DQ = 1;
  32   2          dat >>= 1;
  33   2        }
  34   1        Delay_OneWire(5);
  35   1        EA = 1;
  36   1      }
  37          
  38          //
  39          unsigned char Read_DS18B20(void)
  40          {
  41   1        unsigned char i;
  42   1        unsigned char dat;
  43   1        EA = 0;
  44   1        for(i=0;i<8;i++)
  45   1        {
  46   2          DQ = 0;
  47   2          dat >>= 1;
  48   2          DQ = 1;
  49   2          if(DQ)
  50   2          {
  51   3            dat |= 0x80;
  52   3          }     
  53   2          Delay_OneWire(5);
C51 COMPILER V9.60.0.0   ONEWIRE                                                           04/04/2025 14:43:46 PAGE 2   

  54   2        }
  55   1        EA = 1;
  56   1        return dat;
  57   1        
  58   1      }
  59          
  60          //
  61          bit init_ds18b20(void)
  62          {
  63   1          bit initflag = 0;
  64   1          
  65   1          DQ = 1;
  66   1          Delay_OneWire(12);
  67   1          DQ = 0;
  68   1          Delay_OneWire(80);
  69   1          DQ = 1;
  70   1          Delay_OneWire(10); 
  71   1          initflag = DQ;     
  72   1          Delay_OneWire(5);
  73   1        
  74   1          return initflag;
  75   1      }
  76          
  77          unsigned long temp_get()
  78          {
  79   1        unsigned char high,low;
  80   1        unsigned long temp;
  81   1        init_ds18b20();
  82   1        Write_DS18B20(0xcc);
  83   1        Write_DS18B20(0x44);
  84   1        Delay_OneWire(200);
  85   1        
  86   1        init_ds18b20();
  87   1        Write_DS18B20(0xcc);
  88   1        Write_DS18B20(0xbe);
  89   1        
  90   1        low = Read_DS18B20();
  91   1        high = Read_DS18B20();
  92   1        
  93   1        temp = high&0x0f;
  94   1        temp<<=8;
  95   1        temp|=low;
  96   1        
  97   1        return temp;
  98   1      }


MODULE INFORMATION:   STATIC OVERLAYABLE
   CODE SIZE        =    276    ----
   CONSTANT SIZE    =   ----    ----
   XDATA SIZE       =   ----       5
   PDATA SIZE       =   ----    ----
   DATA SIZE        =   ----    ----
   IDATA SIZE       =   ----    ----
   BIT SIZE         =   ----       1
END OF MODULE INFORMATION.


C51 COMPILATION COMPLETE.  0 WARNING(S),  0 ERROR(S)
