C51 COMPILER V9.60.0.0   DS1302                                                            03/13/2025 17:17:55 PAGE 1   


C51 COMPILER V9.60.0.0, COMPILATION OF MODULE DS1302
OBJECT MODULE PLACED IN .\Objects\ds1302.obj
COMPILER INVOKED BY: D:\Keil5-1\C51\BIN\C51.EXE ds1302.c OPTIMIZE(8,SPEED) BROWSE DEBUG OBJECTEXTEND PRINT(.\Listings\ds
                    -1302.lst) TABS(2) OBJECT(.\Objects\ds1302.obj)

line level    source

   1          /*  #   DS1302ä»£ç ç‰‡æ®µè¯´æ˜
   2            1.  æœ¬æ–‡ä»¶å¤¹ä¸­æä¾›çš„é©±åŠ¨ä»£ç ä¾›å‚èµ›é€‰æ‰‹å®Œæˆç¨‹åºè®¾è®¡å‚è€ƒã€‚
   3            2.  å‚èµ›é€‰æ‰‹å¯ä»¥è‡ªè¡Œç¼–å†™ç›¸å…³ä»£ç æˆ–ä»¥è¯¥ä»£ç ä¸ºåŸºç¡€ï¼Œæ ¹æ®æ‰€é€‰å•ç‰‡æœºç±»å‹ã€è¿
             -è¡Œé€Ÿåº¦å’Œè¯•é¢˜
   4              ä¸­å¯¹å•ç‰‡æœºæ—¶é’Ÿé¢‘ç‡çš„è¦æ±‚ï¼Œè¿›è¡Œä»£ç è°ƒè¯•å’Œä¿®æ”¹ã€‚
   5          */                
   6          
   7          //
   8          
   9          #include <reg52.h>
  10          #include <intrins.h>
  11          
  12          sbit SCK = P1^7;
  13          sbit SDA = P2^3;
  14          sbit RST = P1^3;
  15          
  16          unsigned int time1[3] = {50,59,23};
  17          unsigned int time2[3];
  18          
  19          void Write_Ds1302(unsigned  char temp) 
  20          {
  21   1        unsigned char i;
  22   1        for (i=0;i<8;i++)       
  23   1        { 
  24   2          SCK = 0;
  25   2          SDA = temp&0x01;
  26   2          temp>>=1; 
  27   2          SCK=1;
  28   2        }
  29   1      }   
  30          
  31          //
  32          void Write_Ds1302_Byte( unsigned char address,unsigned char dat )     
  33          {
  34   1        RST=0;  _nop_();
  35   1        SCK=0;  _nop_();
  36   1        RST=1;  _nop_();  
  37   1        Write_Ds1302(address);  
  38   1        Write_Ds1302(dat);    
  39   1        RST=0; 
  40   1      }
  41          
  42          //
  43          unsigned char Read_Ds1302_Byte ( unsigned char address )
  44          {
  45   1        unsigned char i,temp=0x00;
  46   1        RST=0;  _nop_();
  47   1        SCK=0;  _nop_();
  48   1        RST=1;  _nop_();
  49   1        Write_Ds1302(address);
  50   1        for (i=0;i<8;i++)   
  51   1        {   
  52   2          SCK=0;
  53   2          temp>>=1; 
C51 COMPILER V9.60.0.0   DS1302                                                            03/13/2025 17:17:55 PAGE 2   

  54   2          if(SDA)
  55   2          temp|=0x80; 
  56   2          SCK=1;
  57   2        } 
  58   1        RST=0;  _nop_();
  59   1        SCK=0;  _nop_();
  60   1        SCK=1;  _nop_();
  61   1        SDA=0;  _nop_();
  62   1        SDA=1;  _nop_();
  63   1        return (temp);      
  64   1      }
  65          
  66          void time_init()
  67          {
  68   1        unsigned char add,i;
  69   1        add = 0x80;
  70   1        Write_Ds1302_Byte(0x8e,0x00);
  71   1        for(i=0;i<3;i++)
  72   1        {
  73   2          Write_Ds1302_Byte(add,((time1[i]/10)<<4)|time1[i]%10);
  74   2          add+=2;
  75   2        }
  76   1        Write_Ds1302_Byte(0x8e,0x80);
  77   1      }
  78          
  79          void time_get()
  80          {
  81   1        unsigned char add,i,dat;
  82   1        add = 0x81;
  83   1        for(i=0;i<3;i++)
  84   1        {
  85   2          dat = Read_Ds1302_Byte(add);
  86   2          time2[i] = dat/16*10+dat%16;
  87   2          add+=2;
  88   2        }
  89   1      }


MODULE INFORMATION:   STATIC OVERLAYABLE
   CODE SIZE        =    254    ----
   CONSTANT SIZE    =   ----    ----
   XDATA SIZE       =   ----    ----
   PDATA SIZE       =   ----    ----
   DATA SIZE        =     12       1
   IDATA SIZE       =   ----    ----
   BIT SIZE         =   ----    ----
END OF MODULE INFORMATION.


C51 COMPILATION COMPLETE.  0 WARNING(S),  0 ERROR(S)
