C51 COMPILER V9.60.0.0   IIC                                                               03/09/2025 16:31:12 PAGE 1   


C51 COMPILER V9.60.0.0, COMPILATION OF MODULE IIC
OBJECT MODULE PLACED IN .\Objects\iic.obj
COMPILER INVOKED BY: D:\Keil5-1\C51\BIN\C51.EXE iic.c OPTIMIZE(8,SPEED) BROWSE DEBUG OBJECTEXTEND PRINT(.\Listings\iic.l
                    -st) TABS(2) OBJECT(.\Objects\iic.obj)

line level    source

   1          /*  #   I2C代码片段说明
   2            1.  本文件夹中提供的驱动代码供参赛选手完成程序设计参考。
   3            2.  参赛选手可以自行编写相关代码或以该代码为基础，根据所选单片机类型、
             -行速度和试题
   4              中对单片机时钟频率的要求，进行代码调试和修改。
   5          */
   6          
   7          #include <reg52.h>
   8          #include <intrins.h>
   9          
  10          
  11          #define DELAY_TIME  5
  12          
  13          sbit scl = P2^0;
  14          sbit sda = P2^1;
  15          
  16          //
  17          static void I2C_Delay(unsigned char n)
  18          {
  19   1          do
  20   1          {
  21   2              _nop_();_nop_();_nop_();_nop_();_nop_();
  22   2              _nop_();_nop_();_nop_();_nop_();_nop_();
  23   2              _nop_();_nop_();_nop_();_nop_();_nop_();    
  24   2          }
  25   1          while(n--);       
  26   1      }
  27          
  28          //
  29          void I2CStart(void)
  30          {
  31   1          sda = 1;
  32   1          scl = 1;
  33   1        I2C_Delay(DELAY_TIME);
  34   1          sda = 0;
  35   1        I2C_Delay(DELAY_TIME);
  36   1          scl = 0;    
  37   1      }
  38          
  39          //
  40          void I2CStop(void)
  41          {
  42   1          sda = 0;
  43   1          scl = 1;
  44   1        I2C_Delay(DELAY_TIME);
  45   1          sda = 1;
  46   1        I2C_Delay(DELAY_TIME);
  47   1      }
  48          
  49          //
  50          void I2CSendByte(unsigned char byt)
  51          {
  52   1          unsigned char i;
  53   1        
C51 COMPILER V9.60.0.0   IIC                                                               03/09/2025 16:31:12 PAGE 2   

  54   1          for(i=0; i<8; i++){
  55   2              scl = 0;
  56   2          I2C_Delay(DELAY_TIME);
  57   2              if(byt & 0x80){
  58   3                  sda = 1;
  59   3              }
  60   2              else{
  61   3                  sda = 0;
  62   3              }
  63   2          I2C_Delay(DELAY_TIME);
  64   2              scl = 1;
  65   2              byt <<= 1;
  66   2          I2C_Delay(DELAY_TIME);
  67   2          }
  68   1        
  69   1          scl = 0;  
  70   1      }
  71          
  72          //
  73          unsigned char I2CReceiveByte(void)
  74          {
  75   1        unsigned char da;
  76   1        unsigned char i;
  77   1        for(i=0;i<8;i++){   
  78   2          scl = 1;
  79   2          I2C_Delay(DELAY_TIME);
  80   2          da <<= 1;
  81   2          if(sda) 
  82   2            da |= 0x01;
  83   2          scl = 0;
  84   2          I2C_Delay(DELAY_TIME);
  85   2        }
  86   1        return da;    
  87   1      }
  88          
  89          //
  90          unsigned char I2CWaitAck(void)
  91          {
  92   1        unsigned char ackbit;
  93   1        
  94   1          scl = 1;
  95   1        I2C_Delay(DELAY_TIME);
  96   1          ackbit = sda; 
  97   1          scl = 0;
  98   1        I2C_Delay(DELAY_TIME);
  99   1        
 100   1        return ackbit;
 101   1      }
 102          
 103          //
 104          void I2CSendAck(unsigned char ackbit)
 105          {
 106   1          scl = 0;
 107   1          sda = ackbit; 
 108   1        I2C_Delay(DELAY_TIME);
 109   1          scl = 1;
 110   1        I2C_Delay(DELAY_TIME);
 111   1          scl = 0; 
 112   1        sda = 1;
 113   1        I2C_Delay(DELAY_TIME);
 114   1      }
 115          
C51 COMPILER V9.60.0.0   IIC                                                               03/09/2025 16:31:12 PAGE 3   

 116          void AD_w(unsigned char dat)
 117          {
 118   1        I2CStart();
 119   1        I2CSendByte(0x90);
 120   1        I2CWaitAck();
 121   1        I2CSendByte(0x40);
 122   1        I2CWaitAck();
 123   1        I2CSendByte(dat);
 124   1        I2CWaitAck();
 125   1        I2CStop();
 126   1      }
 127          unsigned char AD_r(unsigned char add)
 128          {
 129   1        unsigned char dat;
 130   1        I2CStart();
 131   1        I2CSendByte(0x90);
 132   1        I2CWaitAck();
 133   1        I2CSendByte(add);
 134   1        I2CWaitAck();
 135   1        I2CStop();
 136   1        
 137   1        I2CStart();
 138   1        I2CSendByte(0x91);
 139   1        I2CWaitAck();
 140   1        dat = I2CReceiveByte();
 141   1        I2CSendAck(1);
 142   1        I2CStop();
 143   1        
 144   1        return dat;
 145   1      }
 146          
 147          void AT24C02_w(unsigned char add,unsigned char dat)
 148          {
 149   1        I2CStart();
 150   1        I2CSendByte(0xA0);
 151   1        I2CWaitAck();
 152   1        I2CSendByte(add);
 153   1        I2CWaitAck();
 154   1        I2CSendByte(dat);
 155   1        I2CWaitAck();
 156   1        I2CStop();
 157   1      }
 158          unsigned char AT24C02_r(unsigned char add)
 159          {
 160   1        unsigned char dat;
 161   1        I2CStart();
 162   1        I2CSendByte(0xA0);
 163   1        I2CWaitAck();
 164   1        I2CSendByte(add);
 165   1        I2CWaitAck();
 166   1        I2CStop();
 167   1        
 168   1        I2CStart();
 169   1        I2CSendByte(0xA1);
 170   1        I2CWaitAck();
 171   1        dat = I2CReceiveByte();
 172   1        I2CSendAck(1);
 173   1        I2CStop();
 174   1        
 175   1        return dat;
 176   1      }
 177          
C51 COMPILER V9.60.0.0   IIC                                                               03/09/2025 16:31:12 PAGE 4   



MODULE INFORMATION:   STATIC OVERLAYABLE
   CODE SIZE        =    305    ----
   CONSTANT SIZE    =   ----    ----
   XDATA SIZE       =   ----    ----
   PDATA SIZE       =   ----    ----
   DATA SIZE        =   ----    ----
   IDATA SIZE       =   ----    ----
   BIT SIZE         =   ----    ----
END OF MODULE INFORMATION.


C51 COMPILATION COMPLETE.  0 WARNING(S),  0 ERROR(S)
